[debug] [2023-12-05T11:15:08.606Z] ----------------------------------------------------------------------
[debug] [2023-12-05T11:15:08.610Z] Command:       C:\Program Files\nodejs\node.exe C:\Users\ferna\AppData\Roaming\npm\node_modules\firebase-tools\lib\bin\firebase.js deploy
[debug] [2023-12-05T11:15:08.610Z] CLI Version:   12.9.1
[debug] [2023-12-05T11:15:08.611Z] Platform:      win32
[debug] [2023-12-05T11:15:08.611Z] Node Version:  v16.14.0
[debug] [2023-12-05T11:15:08.616Z] Time:          Tue Dec 05 2023 08:15:08 GMT-0300 (Horário Padrão de Brasília)
[debug] [2023-12-05T11:15:08.616Z] ----------------------------------------------------------------------
[debug] 
[debug] [2023-12-05T11:15:08.730Z] > command requires scopes: ["email","openid","https://www.googleapis.com/auth/cloudplatformprojects.readonly","https://www.googleapis.com/auth/firebase","https://www.googleapis.com/auth/cloud-platform"]
[debug] [2023-12-05T11:15:08.731Z] > authorizing via signed-in user (gabrielimanasc@gmail.com)
[debug] [2023-12-05T11:15:08.731Z] [iam] checking project projetolpe for permissions ["datastore.indexes.create","datastore.indexes.delete","datastore.indexes.list","datastore.indexes.update","firebase.projects.get","firebasehosting.sites.update"]
[debug] [2023-12-05T11:15:08.734Z] > refreshing access token with scopes: []
[debug] [2023-12-05T11:15:08.741Z] >>> [apiv2][query] POST https://www.googleapis.com/oauth2/v3/token [none]
[debug] [2023-12-05T11:15:08.742Z] >>> [apiv2][body] POST https://www.googleapis.com/oauth2/v3/token [omitted]
[debug] [2023-12-05T11:15:19.776Z] *** [apiv2] error from fetch(https://www.googleapis.com/oauth2/v3/token, {"headers":{},"method":"POST","body":{"_overheadLength":545,"_valueLength":212,"_valuesToMeasure":[],"writable":false,"readable":true,"dataSize":0,"maxDataSize":2097152,"pauseStreams":true,"_released":true,"_streams":[],"_currentStream":null,"_insideLoop":false,"_pendingNext":false,"_boundary":"--------------------------959557347890731437432792","_events":{},"_eventsCount":1}}): FetchError: request to https://www.googleapis.com/oauth2/v3/token failed, reason: socket hang up
[debug] [2023-12-05T11:15:19.777Z] [iam] error while checking permissions, command may fail: FirebaseError: Authentication Error: Your credentials are no longer valid. Please run firebase login --reauth

For CI servers and headless environments, generate a new token with firebase login:ci
[debug] [2023-12-05T11:15:19.778Z] > refreshing access token with scopes: []
[debug] [2023-12-05T11:15:19.778Z] >>> [apiv2][query] POST https://www.googleapis.com/oauth2/v3/token [none]
[debug] [2023-12-05T11:15:19.778Z] >>> [apiv2][body] POST https://www.googleapis.com/oauth2/v3/token [omitted]
[debug] [2023-12-05T11:15:19.994Z] <<< [apiv2][status] POST https://www.googleapis.com/oauth2/v3/token 200
[debug] [2023-12-05T11:15:19.994Z] <<< [apiv2][body] POST https://www.googleapis.com/oauth2/v3/token [omitted]
[debug] [2023-12-05T11:15:20.013Z] >>> [apiv2][query] GET https://firebase.googleapis.com/v1beta1/projects/projetolpe [none]
[debug] [2023-12-05T11:15:30.919Z] *** [apiv2] error from fetch(https://firebase.googleapis.com/v1beta1/projects/projetolpe, {"headers":{},"method":"GET","signal":{}}): FetchError: request to https://firebase.googleapis.com/v1beta1/projects/projetolpe failed, reason: socket hang up
[debug] [2023-12-05T11:15:30.921Z] Failed to make request to https://firebase.googleapis.com/v1beta1/projects/projetolpe (original: request to https://firebase.googleapis.com/v1beta1/projects/projetolpe failed, reason: socket hang up)
[error] 
[error] Error: Assertion failed: resolving hosting target of a site with no site name or target name. This should have caused an error earlier
